Running 1 which is option 2
Fri Jun 30 18:09:13 CDT 2017
Running 1 which is option 2
Fri Jun 30 18:09:13 CDT 2017
Running 1 which is option 2
Fri Jun 30 18:09:13 CDT 2017
Running 1 which is option 2
Fri Jun 30 18:09:13 CDT 2017
Running 1 which is option 2
:
Running 1 which is option 2
Fri Jun 30 18:14:36 CDT 2017
Running 1 which is option 2
Fri Jun 30 18:14:36 CDT 2017
Running 1 which is option 2
Fri Jun 30 18:14:36 CDT 2017
Running 1 which is option 2
:
Running 1 which is option 2
Fri Jun 30 18:16:24 CDT 2017
Running 1 which is option 2
Fri Jun 30 18:16:24 CDT 2017
Running 1 which is option 2
Fri Jun 30 18:16:24 CDT 2017
Running 1 which is option 2
:
Running 1 which is option 2
Fri Jun 30 18:16:37 CDT 2017
Running 1 which is option 2
Fri Jun 30 18:16:37 CDT 2017
Running 1 which is option 2
Fri Jun 30 18:16:37 CDT 2017
Running 1 which is option 2
date :
Running 1 which is option 2
Fri Jun 30 18:17:44 CDT 2017
Running 1 which is option 2
Fri Jun 30 18:17:44 CDT 2017
Running 1 which is option 2
Fri Jun 30 18:17:44 CDT 2017
Running 1 which is option 2

Running 1 which is option 2
Fri Jun 30 18:27:47 CDT 2017
Running 1 which is option 2
Fri Jun 30 18:27:47 CDT 2017
Running 1 which is option 2
Fri Jun 30 18:27:47 CDT 2017
Running 1 which is option 2

Running 1 which is option 2
Fri Jun 30 18:28:32 CDT 2017
Running 1 which is option 2
Fri Jun 30 18:28:32 CDT 2017
Running 1 which is option 2
Fri Jun 30 18:28:32 CDT 2017
Running 1 which is option 2

Running 1 which is option 2
Fri Jun 30 18:30:02 CDT 2017
Running 1 which is option 2
Fri Jun 30 18:30:02 CDT 2017
Running 1 which is option 2
Fri Jun 30 18:30:02 CDT 2017
Running 1 which is option 2
30 Jun 17+:
Running 1 which is option 2
Fri Jun 30 18:30:26 CDT 2017
Running 1 which is option 2
Fri Jun 30 18:30:26 CDT 2017
Running 1 which is option 2
Fri Jun 30 18:30:26 CDT 2017
Running 1 which is option 2
30 Jun 17+:
Running 1 which is option 2
Fri Jun 30 18:49:16 CDT 2017
Running 1 which is option 2
Fri Jun 30 18:49:16 CDT 2017
Running 1 which is option 2
Fri Jun 30 18:49:16 CDT 2017
Get:1 http://security.debian.org/debian-security stretch/updates InRelease [62.9 kB]
Ign:2 http://ftp.us.debian.org/debian stretch InRelease
Get:3 http://ftp.us.debian.org/debian stretch-updates InRelease [88.5 kB]
Hit:4 http://ftp.us.debian.org/debian stretch Release
Fetched 151 kB in 2s (56.6 kB/s)
Reading package lists...
